Using pre-set license
Built from '2020.3/staging' branch; Version is '2020.3.18f1 (a7d1c678663c) revision 10998214'; Using compiler version '192528614'; Build Type 'Release'
OS: 'Windows 10 Home; OS build 19042.1288; Version 2009; 64bit' Language: 'en' Physical Memory: 16341 MB
BatchMode: 1, IsHumanControllingUs: 0, StartBugReporterOnCrash: 0, Is64bit: 1, IsPro: 0

COMMAND LINE ARGUMENTS:
C:\Program Files\Unity\Hub\Editor\2020.3.18f1\Editor\Unity.exe
-adb2
-batchMode
-noUpm
-name
AssetImportWorker0
-projectPath
F:/UnityProjects/FPS_Survival
-logFile
Logs/AssetImportWorker0.log
-srvPort
51695
Successfully changed project path to: F:/UnityProjects/FPS_Survival
F:/UnityProjects/FPS_Survival
Using Asset Import Pipeline V2.
Refreshing native plugins compatible for Editor in 30.08 ms, found 2 plugins.
Preloading 0 native plugins for Editor in 0.00 ms.
Initialize engine version: 2020.3.18f1 (a7d1c678663c)
[Subsystems] Discovering subsystems at path C:/Program Files/Unity/Hub/Editor/2020.3.18f1/Editor/Data/Resources/UnitySubsystems
[Subsystems] Discovering subsystems at path F:/UnityProjects/FPS_Survival/Assets
GfxDevice: creating device client; threaded=0
Direct3D:
    Version:  Direct3D 11.0 [level 11.1]
    Renderer: NVIDIA GeForce GTX 980 (ID=0x13c0)
    Vendor:   
    VRAM:     4053 MB
    Driver:   27.21.14.5751
Initialize mono
Mono path[0] = 'C:/Program Files/Unity/Hub/Editor/2020.3.18f1/Editor/Data/Managed'
Mono path[1] = 'C:/Program Files/Unity/Hub/Editor/2020.3.18f1/Editor/Data/MonoBleedingEdge/lib/mono/unityjit'
Mono config path = 'C:/Program Files/Unity/Hub/Editor/2020.3.18f1/Editor/Data/MonoBleedingEdge/etc'
Using monoOptions --debugger-agent=transport=dt_socket,embedding=1,server=y,suspend=n,address=127.0.0.1:56280
Begin MonoManager ReloadAssembly
Registering precompiled unity dll's ...
Register platform support module: C:/Program Files/Unity/Hub/Editor/2020.3.18f1/Editor/Data/PlaybackEngines/WebGLSupport/UnityEditor.WebGL.Extensions.dll
Register platform support module: C:/Program Files/Unity/Hub/Editor/2020.3.18f1/Editor/Data/PlaybackEngines/WindowsStandaloneSupport/UnityEditor.WindowsStandalone.Extensions.dll
Registered in 0.002348 seconds.
Native extension for WindowsStandalone target not found
Native extension for WebGL target not found
Refreshing native plugins compatible for Editor in 30.21 ms, found 2 plugins.
Preloading 0 native plugins for Editor in 0.00 ms.
Mono: successfully reloaded assembly
- Completed reload, in  1.356 seconds
Domain Reload Profiling:
	ReloadAssembly (1356ms)
		BeginReloadAssembly (57ms)
			ExecutionOrderSort (0ms)
			DisableScriptedObjects (0ms)
			BackupInstance (0ms)
			ReleaseScriptingObjects (0ms)
			CreateAndSetChildDomain (1ms)
		EndReloadAssembly (465ms)
			LoadAssemblies (55ms)
			RebuildTransferFunctionScriptingTraits (0ms)
			SetupTypeCache (191ms)
			ReleaseScriptCaches (0ms)
			RebuildScriptCaches (31ms)
			SetupLoadedEditorAssemblies (167ms)
				LogAssemblyErrors (0ms)
				InitializePlatformSupportModulesInManaged (5ms)
				SetLoadedEditorAssemblies (0ms)
				RefreshPlugins (30ms)
				BeforeProcessingInitializeOnLoad (17ms)
				ProcessInitializeOnLoadAttributes (84ms)
				ProcessInitializeOnLoadMethodAttributes (30ms)
				AfterProcessingInitializeOnLoad (0ms)
				EditorAssembliesLoaded (0ms)
			ExecutionOrderSort2 (0ms)
			AwakeInstancesAfterBackupRestoration (0ms)
Platform modules already initialized, skipping
Registering precompiled user dll's ...
Registered in 0.002002 seconds.
Begin MonoManager ReloadAssembly
Native extension for WindowsStandalone target not found
Native extension for WebGL target not found
Refreshing native plugins compatible for Editor in 0.28 ms, found 2 plugins.
Preloading 0 native plugins for Editor in 0.00 ms.
Mono: successfully reloaded assembly
- Completed reload, in  1.091 seconds
Domain Reload Profiling:
	ReloadAssembly (1091ms)
		BeginReloadAssembly (160ms)
			ExecutionOrderSort (0ms)
			DisableScriptedObjects (4ms)
			BackupInstance (0ms)
			ReleaseScriptingObjects (0ms)
			CreateAndSetChildDomain (25ms)
		EndReloadAssembly (864ms)
			LoadAssemblies (89ms)
			RebuildTransferFunctionScriptingTraits (0ms)
			SetupTypeCache (294ms)
			ReleaseScriptCaches (0ms)
			RebuildScriptCaches (42ms)
			SetupLoadedEditorAssemblies (340ms)
				LogAssemblyErrors (0ms)
				InitializePlatformSupportModulesInManaged (7ms)
				SetLoadedEditorAssemblies (0ms)
				RefreshPlugins (0ms)
				BeforeProcessingInitializeOnLoad (81ms)
				ProcessInitializeOnLoadAttributes (241ms)
				ProcessInitializeOnLoadMethodAttributes (4ms)
				AfterProcessingInitializeOnLoad (6ms)
				EditorAssembliesLoaded (0ms)
			ExecutionOrderSort2 (0ms)
			AwakeInstancesAfterBackupRestoration (7ms)
Platform modules already initialized, skipping
========================================================================
Worker process is ready to serve import requests
Launched and connected shader compiler UnityShaderCompiler.exe after 0.09 seconds
Refreshing native plugins compatible for Editor in 0.29 ms, found 2 plugins.
Preloading 0 native plugins for Editor in 0.00 ms.
Unloading 1396 Unused Serialized files (Serialized files now loaded: 0)
System memory in use before: 64.8 MB.
System memory in use after: 64.8 MB.

Unloading 16 unused Assets to reduce memory usage. Loaded Objects now: 1831.
Total: 3.060900 ms (FindLiveObjects: 0.122500 ms CreateObjectMapping: 0.038300 ms MarkObjects: 2.803100 ms  DeleteObjects: 0.096100 ms)

AssetImportParameters requested are different than current active one (requested -> active):
  custom:framework-win-MediaFoundation: 216162199b28c13a410421893ffa2e32 -> 
  custom:video-decoder-ogg-theora: a1e56fd34408186e4bbccfd4996cb3dc -> 
  custom:container-muxer-webm: aa71ff27fc2769a1b78a27578f13a17b -> 
  custom:container-demuxer-webm: 4f35f7cbe854078d1ac9338744f61a02 -> 
  custom:container-demuxer-ogg: 62fdf1f143b41e24485cea50d1cbac27 -> 
  custom:video-encoder-webm-vp8: eb34c28f22e8b96e1ab97ce403110664 -> 
  custom:video-decoder-webm-vp8: 9c59270c3fd7afecdb556c50c9e8de78 -> 
  custom:audio-decoder-ogg-vorbis: bf7c407c2cedff20999df2af8eb42d56 -> 
  custom:audio-encoder-webm-vorbis: bf7c407c2cedff20999df2af8eb42d56 -> 
========================================================================
Received Import Request.
  path: Assets/3D_assets/Guns
  artifactKey: Guid(dd43352c31801e841b4128871b1319ba) Importer(815301076,1909f56bfc062723c751e8b465ee728b)
Start importing Assets/3D_assets/Guns using Guid(dd43352c31801e841b4128871b1319ba) Importer(815301076,1909f56bfc062723c751e8b465ee728b)  -> (artifact id: '543ae50d980a1572c5fa038e14597ff3') in 0.008647 seconds 
  Import took 0.010949 seconds .

========================================================================
Received Import Request.
  Time since last request: 192.090158 seconds.
  path: Assets/3D_assets/Guns/Pistol_1.fbx
  artifactKey: Guid(059ebe3b413d88f4088a53413f68c960) Importer(815301076,1909f56bfc062723c751e8b465ee728b)
Start importing Assets/3D_assets/Guns/Pistol_1.fbx using Guid(059ebe3b413d88f4088a53413f68c960) Importer(815301076,1909f56bfc062723c751e8b465ee728b)  -> (artifact id: '379d1ce752dfd1f007f725ea6b713c1c') in 0.468693 seconds 
  Import took 0.471500 seconds .

========================================================================
Received Import Request.
  Time since last request: 5.607910 seconds.
  path: Assets/3D_assets/Guns/AssaultRifle_1.fbx
  artifactKey: Guid(b4bd411c8d6189c47be5f800bc32138a) Importer(815301076,1909f56bfc062723c751e8b465ee728b)
Start importing Assets/3D_assets/Guns/AssaultRifle_1.fbx using Guid(b4bd411c8d6189c47be5f800bc32138a) Importer(815301076,1909f56bfc062723c751e8b465ee728b)  -> (artifact id: 'ab033371edd53765c8cc3f01543885f4') in 0.033470 seconds 
  Import took 0.036422 seconds .

========================================================================
Received Import Request.
  Time since last request: 6.053273 seconds.
  path: Assets/3D_assets/Guns/AssaultRifle_2.fbx
  artifactKey: Guid(ac9ad415b1d5de345b0c57cfb6dfe2ed) Importer(815301076,1909f56bfc062723c751e8b465ee728b)
Start importing Assets/3D_assets/Guns/AssaultRifle_2.fbx using Guid(ac9ad415b1d5de345b0c57cfb6dfe2ed) Importer(815301076,1909f56bfc062723c751e8b465ee728b)  -> (artifact id: '5c22b5cc2ad1b30080584e35312f1c5a') in 0.036473 seconds 
  Import took 0.038871 seconds .

========================================================================
Received Import Request.
  Time since last request: 5.429183 seconds.
  path: Assets/3D_assets/Guns/Shotgun_1.fbx
  artifactKey: Guid(7c1245c7ac9124b4a91e69a488875599) Importer(815301076,1909f56bfc062723c751e8b465ee728b)
Start importing Assets/3D_assets/Guns/Shotgun_1.fbx using Guid(7c1245c7ac9124b4a91e69a488875599) Importer(815301076,1909f56bfc062723c751e8b465ee728b)  -> (artifact id: '5180f43b3a4d8ac0d30307f9568f18c6') in 0.031208 seconds 
  Import took 0.035905 seconds .

========================================================================
Received Import Request.
  Time since last request: 4.148520 seconds.
  path: Assets/3D_assets/Guns/Shotgun_2.fbx
  artifactKey: Guid(2a4e3f7f86b94c74cb2609aa29b2c6c9) Importer(815301076,1909f56bfc062723c751e8b465ee728b)
Start importing Assets/3D_assets/Guns/Shotgun_2.fbx using Guid(2a4e3f7f86b94c74cb2609aa29b2c6c9) Importer(815301076,1909f56bfc062723c751e8b465ee728b)  -> (artifact id: 'edc9a53ffd3b609dbbea5dd55f5b8726') in 0.037531 seconds 
  Import took 0.041164 seconds .

========================================================================
Received Import Request.
  Time since last request: 19.007269 seconds.
  path: Assets/3D_assets/Units
  artifactKey: Guid(3bef5d5209d6cc0409ea44d2cf2f4d7d) Importer(815301076,1909f56bfc062723c751e8b465ee728b)
Start importing Assets/3D_assets/Units using Guid(3bef5d5209d6cc0409ea44d2cf2f4d7d) Importer(815301076,1909f56bfc062723c751e8b465ee728b)  -> (artifact id: 'e27b28080ca726695292569f7d7de985') in 0.007191 seconds 
  Import took 0.010319 seconds .

========================================================================
Received Import Request.
  Time since last request: 0.002236 seconds.
  path: Assets/3D_assets/Units
  artifactKey: Guid(3bef5d5209d6cc0409ea44d2cf2f4d7d) Importer(815301076,1909f56bfc062723c751e8b465ee728b)
Start importing Assets/3D_assets/Units using Guid(3bef5d5209d6cc0409ea44d2cf2f4d7d) Importer(815301076,1909f56bfc062723c751e8b465ee728b)  -> (artifact id: 'e27b28080ca726695292569f7d7de985') in 0.003080 seconds 
  Import took 0.005777 seconds .

========================================================================
Received Import Request.
  Time since last request: 11.122001 seconds.
  path: Assets/3D_assets/Units/characterMedium.fbx
  artifactKey: Guid(fa5703ac919b0314b9095c24329b6d69) Importer(815301076,1909f56bfc062723c751e8b465ee728b)
Start importing Assets/3D_assets/Units/characterMedium.fbx using Guid(fa5703ac919b0314b9095c24329b6d69) Importer(815301076,1909f56bfc062723c751e8b465ee728b)  -> (artifact id: '9c7c4a5965793f7e4653e33e3b0a52b3') in 0.060263 seconds 
  Import took 0.062961 seconds .

========================================================================
Received Import Request.
  Time since last request: 11.521751 seconds.
  path: Assets/3D_assets/Units/zombieA.png
  artifactKey: Guid(20471ce04121f4c4a88f72c199c4d9e8) Importer(815301076,1909f56bfc062723c751e8b465ee728b)
Start importing Assets/3D_assets/Units/zombieA.png using Guid(20471ce04121f4c4a88f72c199c4d9e8) Importer(815301076,1909f56bfc062723c751e8b465ee728b)  -> (artifact id: '8494eddd16bc3b2f1b0660ba13ae741f') in 0.037471 seconds 
  Import took 0.040250 seconds .

========================================================================
Received Import Request.
  Time since last request: 1.288447 seconds.
  path: Assets/3D_assets/Units/zombieC.png
  artifactKey: Guid(0d36543794eec9941a1d8369526bd4b3) Importer(815301076,1909f56bfc062723c751e8b465ee728b)
Start importing Assets/3D_assets/Units/zombieC.png using Guid(0d36543794eec9941a1d8369526bd4b3) Importer(815301076,1909f56bfc062723c751e8b465ee728b)  -> (artifact id: 'bd77c4419c1517efbbf1b9ec45146b77') in 0.014148 seconds 
  Import took 0.017536 seconds .

========================================================================
Received Import Request.
  Time since last request: 12.684476 seconds.
  path: Assets/Animated Character 1/Models
  artifactKey: Guid(4d534a3702b4855419e08107a2ef8194) Importer(815301076,1909f56bfc062723c751e8b465ee728b)
Start importing Assets/Animated Character 1/Models using Guid(4d534a3702b4855419e08107a2ef8194) Importer(815301076,1909f56bfc062723c751e8b465ee728b)  -> (artifact id: '33cdb15b39844ed8bf12b4289ee18ae9') in 0.007619 seconds 
  Import took 0.010034 seconds .

========================================================================
Received Import Request.
  Time since last request: 0.123356 seconds.
  path: Assets/Animated Character 1/Models/characterMedium.fbx
  artifactKey: Guid(e4299bf26a09e9049839e1a1b75e562c) Importer(815301076,1909f56bfc062723c751e8b465ee728b)
Start importing Assets/Animated Character 1/Models/characterMedium.fbx using Guid(e4299bf26a09e9049839e1a1b75e562c) Importer(815301076,1909f56bfc062723c751e8b465ee728b)  -> (artifact id: '342a39bf15d7c26f4c1c5ea1a1aff3b2') in 0.046592 seconds 
  Import took 0.049121 seconds .

========================================================================
Received Import Request.
  Time since last request: 0.774207 seconds.
  path: Assets/Animated Character 1/Models/Materials
  artifactKey: Guid(4de982d388d94e74f93a609f87bbe9cb) Importer(815301076,1909f56bfc062723c751e8b465ee728b)
Start importing Assets/Animated Character 1/Models/Materials using Guid(4de982d388d94e74f93a609f87bbe9cb) Importer(815301076,1909f56bfc062723c751e8b465ee728b)  -> (artifact id: '6cc445f618b2da3d9a9cc4ca6504cce4') in 0.005767 seconds 
  Import took 0.009977 seconds .

========================================================================
Received Import Request.
  Time since last request: 1.007769 seconds.
  path: Assets/Animated Character 1/Models/Materials/skin.mat
  artifactKey: Guid(21c523da74de5e640b1b068246fd96e1) Importer(815301076,1909f56bfc062723c751e8b465ee728b)
Start importing Assets/Animated Character 1/Models/Materials/skin.mat using Guid(21c523da74de5e640b1b068246fd96e1) Importer(815301076,1909f56bfc062723c751e8b465ee728b)  -> (artifact id: '3488834e7172bd350cba325060f9ddc9') in 0.027819 seconds 
  Import took 0.031819 seconds .

========================================================================
Received Import Request.
  Time since last request: 7.163579 seconds.
  path: Assets/Animated Character 1
  artifactKey: Guid(343518e16ae7f6c4d96398b8956522f1) Importer(815301076,1909f56bfc062723c751e8b465ee728b)
Start importing Assets/Animated Character 1 using Guid(343518e16ae7f6c4d96398b8956522f1) Importer(815301076,1909f56bfc062723c751e8b465ee728b)  -> (artifact id: '12f9f56a5921bbf79881848786f41d8d') in 0.006652 seconds 
  Import took 0.009774 seconds .

========================================================================
Received Import Request.
  Time since last request: 2.014329 seconds.
  path: Assets/Animated Character 1/Skins
  artifactKey: Guid(7896cc199502b3845bb7eceefbb9e623) Importer(815301076,1909f56bfc062723c751e8b465ee728b)
Start importing Assets/Animated Character 1/Skins using Guid(7896cc199502b3845bb7eceefbb9e623) Importer(815301076,1909f56bfc062723c751e8b465ee728b)  -> (artifact id: '0e095452c09e6d1ff9f30857d7e56e01') in 0.006745 seconds 
  Import took 0.009276 seconds .

========================================================================
Received Import Request.
  Time since last request: 0.108358 seconds.
  path: Assets/Animated Character 1/Skins/survivorFemaleA.png
  artifactKey: Guid(4f877fc6c4835ff40bc3530ee16e0d07) Importer(815301076,1909f56bfc062723c751e8b465ee728b)
Start importing Assets/Animated Character 1/Skins/survivorFemaleA.png using Guid(4f877fc6c4835ff40bc3530ee16e0d07) Importer(815301076,1909f56bfc062723c751e8b465ee728b)  -> (artifact id: '8383fef9313c37341eb7275cc1862f80') in 0.017028 seconds 
  Import took 0.020699 seconds .

========================================================================
Received Import Request.
  Time since last request: 0.000288 seconds.
  path: Assets/Animated Character 1/Skins/survivorMaleB.png
  artifactKey: Guid(aebb532dd9bbb7d458f971f471d03afa) Importer(815301076,1909f56bfc062723c751e8b465ee728b)
Start importing Assets/Animated Character 1/Skins/survivorMaleB.png using Guid(aebb532dd9bbb7d458f971f471d03afa) Importer(815301076,1909f56bfc062723c751e8b465ee728b)  -> (artifact id: '77499f14fe7b1b558bf85fd94e794c7e') in 0.010929 seconds 
  Import took 0.014342 seconds .

========================================================================
Received Import Request.
  Time since last request: 0.000138 seconds.
  path: Assets/Animated Character 1/Skins/zombieA.png
  artifactKey: Guid(dc3718fcd3416294687ae1560765ffd0) Importer(815301076,1909f56bfc062723c751e8b465ee728b)
Start importing Assets/Animated Character 1/Skins/zombieA.png using Guid(dc3718fcd3416294687ae1560765ffd0) Importer(815301076,1909f56bfc062723c751e8b465ee728b)  -> (artifact id: 'fe443ac05a42861399836265dd108920') in 0.014097 seconds 
  Import took 0.018421 seconds .

========================================================================
Received Import Request.
  Time since last request: 0.000840 seconds.
  path: Assets/Animated Character 1/Skins/zombieC.png
  artifactKey: Guid(9bac56d0b57930e4b8a27a5040d6fba1) Importer(815301076,1909f56bfc062723c751e8b465ee728b)
Start importing Assets/Animated Character 1/Skins/zombieC.png using Guid(9bac56d0b57930e4b8a27a5040d6fba1) Importer(815301076,1909f56bfc062723c751e8b465ee728b)  -> (artifact id: 'fd43e722a49c48b3340ffbf2b526fb52') in 0.012504 seconds 
  Import took 0.015646 seconds .

========================================================================
Received Import Request.
  Time since last request: 20.944946 seconds.
  path: Assets/Animated Character 1/Animations
  artifactKey: Guid(687ea07158e44004fbda89a505bf3e80) Importer(815301076,1909f56bfc062723c751e8b465ee728b)
Start importing Assets/Animated Character 1/Animations using Guid(687ea07158e44004fbda89a505bf3e80) Importer(815301076,1909f56bfc062723c751e8b465ee728b)  -> (artifact id: 'f351b615627809352aaefa60c1472c67') in 0.006462 seconds 
  Import took 0.009289 seconds .

========================================================================
Received Import Request.
  Time since last request: 0.000602 seconds.
  path: Assets/Animated Character 1/Animations
  artifactKey: Guid(687ea07158e44004fbda89a505bf3e80) Importer(815301076,1909f56bfc062723c751e8b465ee728b)
Start importing Assets/Animated Character 1/Animations using Guid(687ea07158e44004fbda89a505bf3e80) Importer(815301076,1909f56bfc062723c751e8b465ee728b)  -> (artifact id: 'f351b615627809352aaefa60c1472c67') in 0.003017 seconds 
  Import took 0.007780 seconds .

========================================================================
Received Import Request.
  Time since last request: 0.028357 seconds.
  path: Assets/Animated Character 1/Animations/idle.fbx
  artifactKey: Guid(86a1903d4d55f514eba79f78c733e4d5) Importer(815301076,1909f56bfc062723c751e8b465ee728b)
Start importing Assets/Animated Character 1/Animations/idle.fbx using Guid(86a1903d4d55f514eba79f78c733e4d5) Importer(815301076,1909f56bfc062723c751e8b465ee728b)  -> (artifact id: '6fb46ac01a354b11659575b3a18cf1db') in 0.011920 seconds 
  Import took 0.015250 seconds .

========================================================================
Received Import Request.
  Time since last request: 0.000257 seconds.
  path: Assets/Animated Character 1/Animations/run.fbx
  artifactKey: Guid(f06fcb6250ed56643b597d6c6a6cb9e9) Importer(815301076,1909f56bfc062723c751e8b465ee728b)
Start importing Assets/Animated Character 1/Animations/run.fbx using Guid(f06fcb6250ed56643b597d6c6a6cb9e9) Importer(815301076,1909f56bfc062723c751e8b465ee728b)  -> (artifact id: 'dcc6d8f2f4a573a924f087db5996754d') in 0.015677 seconds 
  Import took 0.018755 seconds .

========================================================================
Received Import Request.
  Time since last request: 0.000273 seconds.
  path: Assets/Animated Character 1/Animations/jump.fbx
  artifactKey: Guid(9a21dc45af026604a82ac46acd23828d) Importer(815301076,1909f56bfc062723c751e8b465ee728b)
Start importing Assets/Animated Character 1/Animations/jump.fbx using Guid(9a21dc45af026604a82ac46acd23828d) Importer(815301076,1909f56bfc062723c751e8b465ee728b)  -> (artifact id: 'cb144975c30ac8dd4f51608e9ec4d411') in 0.015396 seconds 
  Import took 0.018110 seconds .

========================================================================
Received Prepare
Registering precompiled user dll's ...
Registered in 0.002502 seconds.
Begin MonoManager ReloadAssembly
Native extension for WindowsStandalone target not found
Native extension for WebGL target not found
Refreshing native plugins compatible for Editor in 0.29 ms, found 2 plugins.
Preloading 0 native plugins for Editor in 0.00 ms.
Mono: successfully reloaded assembly
- Completed reload, in  1.023 seconds
Domain Reload Profiling:
	ReloadAssembly (1023ms)
		BeginReloadAssembly (108ms)
			ExecutionOrderSort (0ms)
			DisableScriptedObjects (4ms)
			BackupInstance (0ms)
			ReleaseScriptingObjects (0ms)
			CreateAndSetChildDomain (34ms)
		EndReloadAssembly (853ms)
			LoadAssemblies (85ms)
			RebuildTransferFunctionScriptingTraits (0ms)
			SetupTypeCache (299ms)
			ReleaseScriptCaches (1ms)
			RebuildScriptCaches (38ms)
			SetupLoadedEditorAssemblies (322ms)
				LogAssemblyErrors (0ms)
				InitializePlatformSupportModulesInManaged (7ms)
				SetLoadedEditorAssemblies (1ms)
				RefreshPlugins (0ms)
				BeforeProcessingInitializeOnLoad (79ms)
				ProcessInitializeOnLoadAttributes (224ms)
				ProcessInitializeOnLoadMethodAttributes (4ms)
				AfterProcessingInitializeOnLoad (7ms)
				EditorAssembliesLoaded (0ms)
			ExecutionOrderSort2 (0ms)
			AwakeInstancesAfterBackupRestoration (7ms)
Platform modules already initialized, skipping
Refreshing native plugins compatible for Editor in 0.28 ms, found 2 plugins.
Preloading 0 native plugins for Editor in 0.00 ms.
Unloading 1390 Unused Serialized files (Serialized files now loaded: 0)
System memory in use before: 81.8 MB.
System memory in use after: 81.9 MB.

Unloading 11 unused Assets to reduce memory usage. Loaded Objects now: 1879.
Total: 2.644500 ms (FindLiveObjects: 0.135600 ms CreateObjectMapping: 0.044000 ms MarkObjects: 2.449400 ms  DeleteObjects: 0.014300 ms)

AssetImportParameters requested are different than current active one (requested -> active):
  custom:framework-win-MediaFoundation: 216162199b28c13a410421893ffa2e32 -> 
  custom:video-decoder-ogg-theora: a1e56fd34408186e4bbccfd4996cb3dc -> 
  custom:container-muxer-webm: aa71ff27fc2769a1b78a27578f13a17b -> 
  custom:container-demuxer-webm: 4f35f7cbe854078d1ac9338744f61a02 -> 
  custom:container-demuxer-ogg: 62fdf1f143b41e24485cea50d1cbac27 -> 
  custom:video-encoder-webm-vp8: eb34c28f22e8b96e1ab97ce403110664 -> 
  custom:video-decoder-webm-vp8: 9c59270c3fd7afecdb556c50c9e8de78 -> 
  custom:audio-decoder-ogg-vorbis: bf7c407c2cedff20999df2af8eb42d56 -> 
  custom:audio-encoder-webm-vorbis: bf7c407c2cedff20999df2af8eb42d56 -> 
========================================================================
Received Import Request.
  Time since last request: 58.783557 seconds.
  path: Assets/Animated Character 1/Models/Materials/ZombieSkin.mat
  artifactKey: Guid(a7fb44a6654bc9d4899030704a423996) Importer(815301076,1909f56bfc062723c751e8b465ee728b)
Start importing Assets/Animated Character 1/Models/Materials/ZombieSkin.mat using Guid(a7fb44a6654bc9d4899030704a423996) Importer(815301076,1909f56bfc062723c751e8b465ee728b)  -> (artifact id: '3b6dedd4cb0a217d3e4e3a891b44a4a9') in 0.057023 seconds 
  Import took 0.059629 seconds .

========================================================================
Received Import Request.
  Time since last request: 2376.767552 seconds.
  path: Assets/Zombie/Animations
  artifactKey: Guid(f3eea9b1c7ba62247acf479d69835474) Importer(815301076,1909f56bfc062723c751e8b465ee728b)
Start importing Assets/Zombie/Animations using Guid(f3eea9b1c7ba62247acf479d69835474) Importer(815301076,1909f56bfc062723c751e8b465ee728b)  -> (artifact id: '226dbbdee9df47482cffd96077ffafc7') in 0.002633 seconds 
  Import took 0.005337 seconds .

========================================================================
Received Import Request.
  Time since last request: 0.052253 seconds.
  path: Assets/Zombie/Animations/Zombie@Z_Attack.FBX
  artifactKey: Guid(631762b9a30b33a42836730a6b37d13f) Importer(815301076,1909f56bfc062723c751e8b465ee728b)
Start importing Assets/Zombie/Animations/Zombie@Z_Attack.FBX using Guid(631762b9a30b33a42836730a6b37d13f) Importer(815301076,1909f56bfc062723c751e8b465ee728b)  -> (artifact id: '9cfb1581a9ada2da23e5b8e2f3008ea6') in 0.180788 seconds 
  Import took 0.183752 seconds .

========================================================================
Received Import Request.
  Time since last request: 0.000234 seconds.
  path: Assets/Zombie/Animations/Zombie@Z_Walk1.FBX
  artifactKey: Guid(1d31b4476a14a0246b2e0f023e8877fe) Importer(815301076,1909f56bfc062723c751e8b465ee728b)
Start importing Assets/Zombie/Animations/Zombie@Z_Walk1.FBX using Guid(1d31b4476a14a0246b2e0f023e8877fe) Importer(815301076,1909f56bfc062723c751e8b465ee728b)  -> (artifact id: '36633152606790c97d683b830a3a077e') in 0.140987 seconds 
  Import took 0.144407 seconds .

========================================================================
Received Import Request.
  Time since last request: 0.000260 seconds.
  path: Assets/Zombie/Animations/Zombie@Z_Walk_InPlace.FBX
  artifactKey: Guid(165698eac7ca81041ad603fc5a3afa55) Importer(815301076,1909f56bfc062723c751e8b465ee728b)
Start importing Assets/Zombie/Animations/Zombie@Z_Walk_InPlace.FBX using Guid(165698eac7ca81041ad603fc5a3afa55) Importer(815301076,1909f56bfc062723c751e8b465ee728b)  -> (artifact id: 'fcf5ec2db14919e3ec86115d7fc2b648') in 0.423874 seconds 
  Import took 0.426935 seconds .

========================================================================
Received Import Request.
  Time since last request: 0.000229 seconds.
  path: Assets/Zombie/Animations/Zombie@Z_Run.FBX
  artifactKey: Guid(55edd2c9d257d3f4481dfd16015bf8c1) Importer(815301076,1909f56bfc062723c751e8b465ee728b)
Start importing Assets/Zombie/Animations/Zombie@Z_Run.FBX using Guid(55edd2c9d257d3f4481dfd16015bf8c1) Importer(815301076,1909f56bfc062723c751e8b465ee728b)  -> (artifact id: '0b28b5f7e9f05bec3d1102eb67bff042') in 0.131911 seconds 
  Import took 0.135134 seconds .

========================================================================
Received Import Request.
  Time since last request: 0.000169 seconds.
  path: Assets/Zombie/Animations/Zombie@Z_Walk.FBX
  artifactKey: Guid(59dbfb66512f63c4eb6e1e30e0603198) Importer(815301076,1909f56bfc062723c751e8b465ee728b)
Start importing Assets/Zombie/Animations/Zombie@Z_Walk.FBX using Guid(59dbfb66512f63c4eb6e1e30e0603198) Importer(815301076,1909f56bfc062723c751e8b465ee728b)  -> (artifact id: '26542db1d3567fddb8fea9d18ee68dd8') in 0.132189 seconds 
  Import took 0.137097 seconds .

========================================================================
Received Import Request.
  Time since last request: 0.000225 seconds.
  path: Assets/Zombie/Animations/Zombie@Z_Idle.FBX
  artifactKey: Guid(0d6373858f853604b960cf84b7d3dfbf) Importer(815301076,1909f56bfc062723c751e8b465ee728b)
Start importing Assets/Zombie/Animations/Zombie@Z_Idle.FBX using Guid(0d6373858f853604b960cf84b7d3dfbf) Importer(815301076,1909f56bfc062723c751e8b465ee728b)  -> (artifact id: '7f99d9971b5b015a48ca2592ec471b2c') in 0.134294 seconds 
  Import took 0.137216 seconds .

========================================================================
Received Import Request.
  Time since last request: 0.000265 seconds.
  path: Assets/Zombie/Animations/Zombie@Z_FallingForward.FBX
  artifactKey: Guid(d870b4f0cba458640b29cda304d40186) Importer(815301076,1909f56bfc062723c751e8b465ee728b)
Start importing Assets/Zombie/Animations/Zombie@Z_FallingForward.FBX using Guid(d870b4f0cba458640b29cda304d40186) Importer(815301076,1909f56bfc062723c751e8b465ee728b)  -> (artifact id: '896ec957490100cf877d0ecd13210613') in 0.259866 seconds 
  Import took 0.262755 seconds .

========================================================================
Received Import Request.
  Time since last request: 0.000203 seconds.
  path: Assets/Zombie/Animations/Z_Attack.anim
  artifactKey: Guid(de559bbb071ebfd40ab5af80881e75e8) Importer(815301076,1909f56bfc062723c751e8b465ee728b)
Start importing Assets/Zombie/Animations/Z_Attack.anim using Guid(de559bbb071ebfd40ab5af80881e75e8) Importer(815301076,1909f56bfc062723c751e8b465ee728b)  -> (artifact id: '60972fd6882db13e83110f2dfcf8eef6') in 0.017733 seconds 
  Import took 0.020869 seconds .

========================================================================
Received Import Request.
  Time since last request: 0.000185 seconds.
  path: Assets/Zombie/Animations/Zombie@Z_Walk1_InPlace.FBX
  artifactKey: Guid(3fa7045af54b82c47852949257d136c7) Importer(815301076,1909f56bfc062723c751e8b465ee728b)
Start importing Assets/Zombie/Animations/Zombie@Z_Walk1_InPlace.FBX using Guid(3fa7045af54b82c47852949257d136c7) Importer(815301076,1909f56bfc062723c751e8b465ee728b)  -> (artifact id: '4446dcf721665af39f27e5b3b9f980b3') in 0.128751 seconds 
  Import took 0.133501 seconds .

========================================================================
Received Import Request.
  Time since last request: 0.000250 seconds.
  path: Assets/Zombie/Animations/Zombie@Z_Run_InPlace.FBX
  artifactKey: Guid(79969b20b5ba62e499ee433a4dd38701) Importer(815301076,1909f56bfc062723c751e8b465ee728b)
Start importing Assets/Zombie/Animations/Zombie@Z_Run_InPlace.FBX using Guid(79969b20b5ba62e499ee433a4dd38701) Importer(815301076,1909f56bfc062723c751e8b465ee728b)  -> (artifact id: 'ed83df0c7d411925eed85517357e725b') in 0.136310 seconds 
  Import took 0.139665 seconds .

========================================================================
Received Import Request.
  Time since last request: 0.000236 seconds.
  path: Assets/Zombie/Animations/Zombie@Z_FallingBack.FBX
  artifactKey: Guid(857241dcf6bb2ea45a0b3f46d78f44b5) Importer(815301076,1909f56bfc062723c751e8b465ee728b)
Start importing Assets/Zombie/Animations/Zombie@Z_FallingBack.FBX using Guid(857241dcf6bb2ea45a0b3f46d78f44b5) Importer(815301076,1909f56bfc062723c751e8b465ee728b)  -> (artifact id: 'cb5c8c5ddc9e9b2ac7fe5aa88b5d0f3e') in 0.031712 seconds 
  Import took 0.034302 seconds .

========================================================================
Received Import Request.
  Time since last request: 11.674403 seconds.
  path: Assets/Zombie/Animations/Z_Walk_InPlace.anim
  artifactKey: Guid(37e6af8636979e04086967e3bd667606) Importer(815301076,1909f56bfc062723c751e8b465ee728b)
Start importing Assets/Zombie/Animations/Z_Walk_InPlace.anim using Guid(37e6af8636979e04086967e3bd667606) Importer(815301076,1909f56bfc062723c751e8b465ee728b)  -> (artifact id: 'bf8868414350398365bf44c2a4b56b6c') in 0.012524 seconds 
  Import took 0.015662 seconds .

========================================================================
Received Import Request.
  Time since last request: 0.635961 seconds.
  path: Assets/Zombie/Animations/Z_Idle.anim
  artifactKey: Guid(23ee7f6864c52b243bfb4f2da09bc287) Importer(815301076,1909f56bfc062723c751e8b465ee728b)
Start importing Assets/Zombie/Animations/Z_Idle.anim using Guid(23ee7f6864c52b243bfb4f2da09bc287) Importer(815301076,1909f56bfc062723c751e8b465ee728b)  -> (artifact id: '05d5f8bfb69bc0b1cd62454622a19254') in 0.012880 seconds 
  Import took 0.016813 seconds .

AssetImportWorkerClient::OnTransportError - code=2 error=End of file
